0 silly argv {
0 silly argv   _: [ 'add' ],
0 silly argv   globs: [],
0 silly argv   lernaVersion: '3.19.0',
0 silly argv   '$0': '/usr/local/bin/lerna',
0 silly argv   pkg: './packages/open-ui/'
0 silly argv }
1 notice cli v3.19.0
2 verbose rootPath /Users/alexprice/projects/open-build
3 error TypeError: Invalid comparator: /Users/alexprice/projects/open-build/packages/open-build-client
3 error     at Comparator.parse (/usr/local/lib/node_modules/lerna/node_modules/semver/semver.js:794:11)
3 error     at new Comparator (/usr/local/lib/node_modules/lerna/node_modules/semver/semver.js:777:8)
3 error     at Range.<anonymous> (/usr/local/lib/node_modules/lerna/node_modules/semver/semver.js:975:12)
3 error     at Array.map (<anonymous>)
3 error     at Range.parseRange (/usr/local/lib/node_modules/lerna/node_modules/semver/semver.js:974:13)
3 error     at Range.<anonymous> (/usr/local/lib/node_modules/lerna/node_modules/semver/semver.js:917:17)
3 error     at Array.map (<anonymous>)
3 error     at new Range (/usr/local/lib/node_modules/lerna/node_modules/semver/semver.js:916:40)
3 error     at Function.intersects (/usr/local/lib/node_modules/lerna/node_modules/semver/semver.js:1542:8)
3 error     at getRangeToReference (/usr/local/lib/node_modules/lerna/node_modules/@lerna/add/lib/get-range-to-reference.js:18:35)
3 error     at /usr/local/lib/node_modules/lerna/node_modules/@lerna/add/index.js:152:14
3 error     at Array.filter (<anonymous>)
3 error     at AddCommand.collectPackagesToChange (/usr/local/lib/node_modules/lerna/node_modules/@lerna/add/index.js:144:21)
